info: socket.io started
http
[90mGET / [32m200 [90m5ms[0m
[90mGET /index [32m200 [90m60ms[0m
[90mGET /index [32m200 [90m11ms[0m
[90mGET /index [32m200 [90m16ms[0m
[90mGET /stylesheets/style.css [32m200 [90m5ms[0m
[90mGET /javascripts/jquery-1.6.1.min.js [32m200 [90m8ms[0m
debug: served static content /socket.io.js
[90mGET /host.js [32m200 [90m5ms[0m
[90mGET /index [32m200 [90m17ms[0m
[90mGET /javascripts/jquery-1.6.1.min.js [36m304 [90m3ms[0m
[90mGET /stylesheets/style.css [36m304 [90m2ms[0m
debug: served static content /socket.io.js
[90mGET /host.js [36m304 [90m2ms[0m
[90mGET /nodejs/1/?t=1355723322311 [33m404 [90m2ms[0m
[90mGET /nodejs/1/?t=1355723322311 [33m404 [90m4ms[0m
[90mGET /nodejs1/?t=1355723322311 [33m404 [90m5ms[0m
[90mGET /nodejs1/?t=1355723322311 [33m404 [90m2ms[0m
[90mGET /nodejs1/?t=1355723322311 [33m404 [90m1ms[0m
[90mGET /nodejs/socket.io/1/?t=1355723322311 [33m404 [90m4ms[0m
debug: client authorized
info: handshake authorized 13307515931472796110
[90mGET /index [32m200 [90m17ms[0m
[90mGET /javascripts/jquery-1.6.1.min.js [36m304 [90m2ms[0m
[90mGET /stylesheets/style.css [36m304 [90m2ms[0m
debug: served static content /socket.io.js
[90mGET /host.js [36m304 [90m1ms[0m
[90mGET /nodejs/socket.io/1/?t=1355723441104 [33m404 [90m2ms[0m
[90mGET /index [32m200 [90m16ms[0m
[90mGET /javascripts/jquery-1.6.1.min.js [36m304 [90m4ms[0m
debug: served static content /socket.io.js
[90mGET /stylesheets/style.css [36m304 [90m3ms[0m
[90mGET /host.js [36m304 [90m1ms[0m
[90mGET /nodejs/socket.io/1/?t=1355723452693 [33m404 [90m2ms[0m
[90mGET /nodejs/socket.io/1/?t=1355723452693 [33m404 [90m3ms[0m
debug: client authorized
info: handshake authorized 293167865777006946
[90mGET /nodejs/socket.io/1/?t=1355723452693 [33m404 [90m4ms[0m
[90mGET /nodejs/socket.io1/?t=1355723452693 [33m404 [90m4ms[0m
debug: client authorized
info: handshake authorized 11928130132008860224
[90mGET /index [32m200 [90m18ms[0m
[90mGET /javascripts/jquery-1.6.1.min.js [36m304 [90m2ms[0m
[90mGET /stylesheets/style.css [36m304 [90m2ms[0m
debug: served static content /socket.io.js
[90mGET /host.js [36m304 [90m2ms[0m
debug: client authorized
info: handshake authorized 169807009151606581
debug: setting request GET /socket.io/1/websocket/169807009151606581
debug: set heartbeat interval for client 169807009151606581
debug: client authorized for 
debug: websocket writing 1::
debug: websocket writing 5:::{"name":"news","args":[{"hello":"world"}]}
debug: setting request GET /socket.io/1/xhr-polling/169807009151606581?t=1355723825680
debug: setting poll timeout
debug: discarding transport
debug: cleared heartbeat interval for client 169807009151606581
debug: clearing poll timeout
debug: xhr-polling writing 8::
debug: set close timeout for client 169807009151606581
debug: xhr-polling closed due to exceeded duration
debug: fired close timeout for client 169807009151606581
info: transport end (close timeout)
debug: discarding transport
